<?xml version="1.0" encoding="UTF-8"?>
<testng-results ignored="0" total="1" passed="1" failed="0" skipped="0">
  <reporter-output>
  </reporter-output>
  <suite started-at="2024-02-26T17:16:43 IST" name="Default suite" finished-at="2024-02-26T17:17:07 IST" duration-ms="23269">
    <groups>
    </groups>
    <test started-at="2024-02-26T17:16:43 IST" name="Default test" finished-at="2024-02-26T17:17:07 IST" duration-ms="23269">
      <class name="SampleG.Sample.X">
        <test-method signature="Met()[pri:0, instance:SampleG.Sample.X@6221a451]" started-at="2024-02-26T17:16:43 IST" name="Met" finished-at="2024-02-26T17:17:06 IST" duration-ms="23181" status="PASS">
          <reporter-output>
          </reporter-output>
        </test-method> <!-- Met -->
      </class> <!-- SampleG.Sample.X -->
    </test> <!-- Default test -->
  </suite> <!-- Default suite -->
</testng-results>
